<?xml version="1.0" encoding="UTF-8"?>
<testsuite xmlns:xsi="http://www.w3.org/2001/XMLSchema-instance" xsi:noNamespaceSchemaLocation="https://maven.apache.org/surefire/maven-surefire-plugin/xsd/surefire-test-report-3.0.xsd" version="3.0" name="org.redlich.mail.TestMailApp" time="0.069" tests="1" errors="0" skipped="0" failures="0">
  <properties>
[...]
</properties>
  <testcase name="testRestApp" classname="org.redlich.mail.TestMailApp" time="0.026">
    <system-out><![CDATA[[TEST] Setting up the TestMailApp test
[TEST] Setting up the TestMailApp test
]]></system-out>
  </testcase>
</testsuite>